<?xml version="1.0" encoding="UTF-8"?>
<!-- Generated by org.testng.reporters.JUnitReportReporter -->
<testsuite hostname="AIO-2107" name="lcf_Faces.SDLD_Paid_Profile_Getquote" tests="1" failures="0" timestamp="2 Mar 2017 10:16:20 GMT" time="27.931" errors="0">
  <testcase name="SDLD_Paid_Profile_Getquote" time="27.931" classname="lcf_Faces.SDLD_Paid_Profile_Getquote"/>
</testsuite> <!-- lcf_Faces.SDLD_Paid_Profile_Getquote -->
