<?xml version="1.0" encoding="UTF-8"?>
<!-- Generated by org.testng.reporters.JUnitReportReporter -->
<testsuite hostname="AIO-2107" name="lcf_Faces.PushLCF" tests="1" failures="0" timestamp="2 Mar 2017 10:16:20 GMT" time="51.488" errors="0">
  <testcase name="SDLD_Push_LCF" time="51.488" classname="lcf_Faces.PushLCF"/>
</testsuite> <!-- lcf_Faces.PushLCF -->
