<?xml version="1.0" encoding="UTF-8"?>
<!-- Generated by org.testng.reporters.JUnitReportReporter -->
<testsuite hostname="AIO-2107" name="lcf_Faces.MDLD_B2U_Locality_LCF" tests="1" failures="0" timestamp="2 Mar 2017 10:16:20 GMT" time="48.626" errors="0">
  <testcase name="MDLD_B2U_Locality_LCF" time="48.626" classname="lcf_Faces.MDLD_B2U_Locality_LCF"/>
</testsuite> <!-- lcf_Faces.MDLD_B2U_Locality_LCF -->
