<?xml version="1.0" encoding="UTF-8"?>
<!-- Generated by org.testng.reporters.JUnitReportReporter -->
<testsuite hostname="AIO-2107" name="lcf_Faces.SDLD_SEM_Mandatory" tests="1" failures="0" timestamp="2 Mar 2017 10:16:20 GMT" time="28.233" errors="0">
  <testcase name="SDLD_SEM_Mandatory" time="28.233" classname="lcf_Faces.SDLD_SEM_Mandatory"/>
</testsuite> <!-- lcf_Faces.SDLD_SEM_Mandatory -->
