<?xml version="1.0" encoding="UTF-8"?>
<!-- Generated by org.testng.reporters.JUnitReportReporter -->
<testsuite hostname="AIO-2107" name="lcf_Faces.MDLD_Profile_Paid_Getquote" tests="1" failures="0" timestamp="2 Mar 2017 10:16:20 GMT" time="20.885" errors="0">
  <testcase name="MDLD_Profile_Paid_Getquote" time="20.885" classname="lcf_Faces.MDLD_Profile_Paid_Getquote"/>
</testsuite> <!-- lcf_Faces.MDLD_Profile_Paid_Getquote -->
