<?xml version="1.0" encoding="UTF-8"?>
<!-- Generated by org.testng.reporters.JUnitReportReporter -->
<testsuite hostname="AIO-2107" name="lcf_Faces.MDLD_Brand_Locality_B2U" tests="1" failures="0" timestamp="2 Mar 2017 10:16:20 GMT" time="83.984" errors="0">
  <testcase name="MDLD_Brand_Locality_B2U" time="83.984" classname="lcf_Faces.MDLD_Brand_Locality_B2U"/>
</testsuite> <!-- lcf_Faces.MDLD_Brand_Locality_B2U -->
