<?xml version="1.0" encoding="UTF-8"?>
<!-- Generated by org.testng.reporters.JUnitReportReporter -->
<testsuite hostname="AIO-2107" name="sanity.MB_Listingpage_CoreCategory" tests="8" failures="0" timestamp="16 Feb 2017 04:27:22 GMT" time="150.553" errors="0">
  <testcase name="TC004_Getquote" time="10.735" classname="sanity.MB_Listingpage_CoreCategory"/>
  <testcase name="TC006_ListingProfile_Review" time="12.061" classname="sanity.MB_Listingpage_CoreCategory"/>
  <testcase name="TC005_ListingProfile_ScoreMatch" time="16.556" classname="sanity.MB_Listingpage_CoreCategory"/>
  <testcase name="TC002_SortOption" time="28.261" classname="sanity.MB_Listingpage_CoreCategory"/>
  <testcase name="TC001_Filterby" time="52.268" classname="sanity.MB_Listingpage_CoreCategory"/>
  <testcase name="TC003_Listing_SavetoPhone" time="23.481" classname="sanity.MB_Listingpage_CoreCategory"/>
  <testcase name="US_API_City_selection" time="0.855" classname="sanity.MB_Listingpage_CoreCategory"/>
  <testcase name="TC007_ListingVerifiedMark" time="6.336" classname="sanity.MB_Listingpage_CoreCategory"/>
</testsuite> <!-- sanity.MB_Listingpage_CoreCategory -->
