<?xml version="1.0" encoding="UTF-8"?>
<!-- Generated by org.testng.reporters.JUnitReportReporter -->
<testsuite hostname="AIO-2107" name="lcf_Faces.MDLD_Profile_Page" tests="1" failures="0" timestamp="15 Feb 2017 04:36:02 GMT" time="63.424" errors="0">
  <testcase name="lcfposting" time="63.424" classname="lcf_Faces.MDLD_Profile_Page"/>
</testsuite> <!-- lcf_Faces.MDLD_Profile_Page -->
