<?xml version="1.0" encoding="UTF-8"?>
<!-- Generated by org.testng.reporters.JUnitReportReporter -->
<testsuite hostname="AIO-2107" name="lcf_Faces.SDLD_with_mandatory_field" tests="1" failures="0" timestamp="20 Feb 2017 04:27:29 GMT" time="35.971" errors="0">
  <testcase name="lcfposting" time="35.971" classname="lcf_Faces.SDLD_with_mandatory_field"/>
</testsuite> <!-- lcf_Faces.SDLD_with_mandatory_field -->
