<?xml version="1.0" encoding="UTF-8"?>
<!-- Generated by org.testng.reporters.JUnitReportReporter -->
<testsuite hostname="AIO-2107" name="lcf_Faces.SDLD_B2U_Locality_LCF" tests="1" failures="0" timestamp="2 Mar 2017 10:16:20 GMT" time="64.873" errors="0">
  <testcase name="lcfposting" time="64.873" classname="lcf_Faces.SDLD_B2U_Locality_LCF"/>
</testsuite> <!-- lcf_Faces.SDLD_B2U_Locality_LCF -->
