<?xml version="1.0" encoding="UTF-8"?>
<!-- Generated by org.testng.reporters.JUnitReportReporter -->
<testsuite hostname="AIO-2107" name="lcf_Faces.SDLD_with_secondary_LCF" tests="1" failures="0" timestamp="20 Feb 2017 04:27:29 GMT" time="47.498" errors="0">
  <testcase name="lcfposting" time="47.498" classname="lcf_Faces.SDLD_with_secondary_LCF"/>
</testsuite> <!-- lcf_Faces.SDLD_with_secondary_LCF -->
