<?xml version="1.0" encoding="UTF-8"?>
<!-- Generated by org.testng.reporters.JUnitReportReporter -->
<testsuite hostname="AIO-2107" name="lcf_Faces.SLDL_Free_Profile_LCF" tests="1" failures="0" timestamp="20 Feb 2017 04:27:29 GMT" time="27.870" errors="0">
  <testcase name="lcfposting" time="27.870" classname="lcf_Faces.SLDL_Free_Profile_LCF"/>
</testsuite> <!-- lcf_Faces.SLDL_Free_Profile_LCF -->
