<?xml version="1.0" encoding="UTF-8"?>
<!-- Generated by org.testng.reporters.JUnitReportReporter -->
<testsuite hostname="AIO-2107" name="lcmobile_regression.Mobile_VDL_Profile_Regression2" tests="1" failures="0" timestamp="2 Mar 2017 11:33:31 GMT" time="25.179" errors="0">
  <testcase name="Mobile_VDL_Profile_Regression2_CallIcon" time="25.179" classname="lcmobile_regression.Mobile_VDL_Profile_Regression2"/>
</testsuite> <!-- lcmobile_regression.Mobile_VDL_Profile_Regression2 -->
