<?xml version="1.0" encoding="UTF-8"?>
<!-- Generated by org.testng.reporters.JUnitReportReporter -->
<testsuite hostname="AIO-2107" name="lcf_Faces.SDLD_Standalone" tests="1" failures="0" timestamp="20 Feb 2017 04:27:29 GMT" time="28.291" errors="0">
  <testcase name="lcfposting" time="28.291" classname="lcf_Faces.SDLD_Standalone"/>
</testsuite> <!-- lcf_Faces.SDLD_Standalone -->
