<?xml version="1.0" encoding="UTF-8"?>
<!-- Generated by org.testng.reporters.JUnitReportReporter -->
<testsuite hostname="AIO-2107" name="lcf_Faces.SDLD_Without_Type" tests="1" failures="0" timestamp="2 Mar 2017 10:16:20 GMT" time="69.220" errors="0">
  <testcase name="SDLD_Without_Type" time="69.220" classname="lcf_Faces.SDLD_Without_Type"/>
</testsuite> <!-- lcf_Faces.SDLD_Without_Type -->
