<?xml version="1.0" encoding="UTF-8"?>
<!-- Generated by org.testng.reporters.JUnitReportReporter -->
<testsuite hostname="DESK-2030" name="Feb17updated.Mobile_VDL_Profile" tests="3" failures="0" timestamp="27 Feb 2017 04:45:05 GMT" time="50.312" errors="0">
  <testcase name="TC001_Profile_Getquote" time="15.532" classname="Feb17updated.Mobile_VDL_Profile"/>
  <testcase name="TC003_VerifySymbol" time="8.600" classname="Feb17updated.Mobile_VDL_Profile"/>
  <testcase name="TC002_SaveToPhone" time="26.180" classname="Feb17updated.Mobile_VDL_Profile"/>
</testsuite> <!-- Feb17updated.Mobile_VDL_Profile -->
