<?xml version="1.0" encoding="UTF-8"?>
<!-- Generated by org.testng.reporters.JUnitReportReporter -->
<testsuite hostname="AIO-2107" name="lcf_Faces.Mobile_CheckAttributes_MDLDForm" tests="3" failures="0" timestamp="2 Mar 2017 10:16:20 GMT" time="145.451" errors="0">
  <testcase name="Mobile_CheckAttributes_MDLDForm_Attribute1" time="34.532" classname="lcf_Faces.Mobile_CheckAttributes_MDLDForm"/>
  <testcase name="CheckAttributes_MDLDForm_Attribute2" time="45.708" classname="lcf_Faces.Mobile_CheckAttributes_MDLDForm"/>
  <testcase name="CheckAttributes_MDLDForm_Attribute3" time="65.211" classname="lcf_Faces.Mobile_CheckAttributes_MDLDForm"/>
</testsuite> <!-- lcf_Faces.Mobile_CheckAttributes_MDLDForm -->
