<?xml version="1.0" encoding="UTF-8"?>
<!-- Generated by org.testng.reporters.JUnitReportReporter -->
<testsuite hostname="AIO-2107" name="com.MobileRevamp.MB_Profilepage_CoreCategory" tests="8" failures="0" timestamp="10 Feb 2017 11:11:03 GMT" time="136.651" errors="0">
  <testcase name="TC007_ViewMore" time="7.517" classname="com.MobileRevamp.MB_Profilepage_CoreCategory"/>
  <testcase name="TC013_ViewMoreReview" time="9.357" classname="com.MobileRevamp.MB_Profilepage_CoreCategory"/>
  <testcase name="TC011_VerifySymbol" time="8.576" classname="com.MobileRevamp.MB_Profilepage_CoreCategory"/>
  <testcase name="TC010_ProfileShortlist" time="51.152" classname="com.MobileRevamp.MB_Profilepage_CoreCategory"/>
  <testcase name="TC012_SulekhaScore" time="18.702" classname="com.MobileRevamp.MB_Profilepage_CoreCategory"/>
  <testcase name="TC009_Profile_Getquote" time="6.837" classname="com.MobileRevamp.MB_Profilepage_CoreCategory"/>
  <testcase name="TC014_RateandReview" time="11.847" classname="com.MobileRevamp.MB_Profilepage_CoreCategory"/>
  <testcase name="TC008_SaveToPhone" time="22.663" classname="com.MobileRevamp.MB_Profilepage_CoreCategory"/>
</testsuite> <!-- com.MobileRevamp.MB_Profilepage_CoreCategory -->
