<?xml version="1.0" encoding="UTF-8"?>
<!-- Generated by org.testng.reporters.JUnitReportReporter -->
<testsuite hostname="AIO-2107" name="lcf_Faces.MDLD_SEM_Mandatory" tests="1" failures="0" timestamp="2 Mar 2017 10:16:20 GMT" time="23.979" errors="0">
  <testcase name="lcfposting" time="23.979" classname="lcf_Faces.MDLD_SEM_Mandatory"/>
</testsuite> <!-- lcf_Faces.MDLD_SEM_Mandatory -->
