<?xml version="1.0" encoding="UTF-8"?>
<!-- Generated by org.testng.reporters.JUnitReportReporter -->
<testsuite hostname="AIO-2107" name="lcf_Faces.SDLD_U2B_MultiLocality" tests="1" failures="0" timestamp="2 Mar 2017 10:16:20 GMT" time="43.500" errors="0">
  <testcase name="SDLD_U2B_MultiLocality" time="43.500" classname="lcf_Faces.SDLD_U2B_MultiLocality"/>
</testsuite> <!-- lcf_Faces.SDLD_U2B_MultiLocality -->
