<?xml version="1.0" encoding="UTF-8"?>
<!-- Generated by org.testng.reporters.JUnitReportReporter -->
<testsuite hostname="AIO-2107" name="lcf_Faces.SDLD_Subcategory_With_Locality" tests="1" failures="0" timestamp="15 Feb 2017 04:36:02 GMT" time="57.240" errors="0">
  <testcase name="lcfposting" time="57.240" classname="lcf_Faces.SDLD_Subcategory_With_Locality"/>
</testsuite> <!-- lcf_Faces.SDLD_Subcategory_With_Locality -->
