<?xml version="1.0" encoding="UTF-8"?>
<!-- Generated by org.testng.reporters.JUnitReportReporter -->
<testsuite hostname="AIO-2107" name="lcf_Faces.MDLD_U2B_Locality_LCF" tests="1" failures="0" timestamp="2 Mar 2017 10:16:20 GMT" time="87.479" errors="0">
  <testcase name="MDLD_U2B_Locality_LCF" time="87.479" classname="lcf_Faces.MDLD_U2B_Locality_LCF"/>
</testsuite> <!-- lcf_Faces.MDLD_U2B_Locality_LCF -->
