<?xml version="1.0" encoding="UTF-8"?>
<!-- Generated by org.testng.reporters.JUnitReportReporter -->
<testsuite hostname="AIO-2107" name="lcmobile_regression.Mobile_VDL_Listing_Regression1" tests="1" failures="0" timestamp="2 Mar 2017 11:14:59 GMT" time="25.770" errors="0">
  <testcase name="TC003_Listing_SavetoPhone" time="25.770" classname="lcmobile_regression.Mobile_VDL_Listing_Regression1"/>
</testsuite> <!-- lcmobile_regression.Mobile_VDL_Listing_Regression1 -->
