<?xml version="1.0" encoding="UTF-8"?>
<!-- Generated by org.testng.reporters.JUnitReportReporter -->
<testsuite hostname="AIO-2107" name="lcf_Faces.SEM_MandatoryPage" tests="1" failures="0" timestamp="16 Feb 2017 04:27:22 GMT" time="29.582" errors="0">
  <testcase name="lcfposting" time="29.582" classname="lcf_Faces.SEM_MandatoryPage"/>
</testsuite> <!-- lcf_Faces.SEM_MandatoryPage -->
