<?xml version="1.0" encoding="UTF-8"?>
<!-- Generated by org.testng.reporters.JUnitReportReporter -->
<testsuite hostname="AIO-2107" name="lcmobile_regression.Mobile_VDL_Profile_Regression1" tests="1" failures="0" timestamp="2 Mar 2017 11:21:07 GMT" time="12.384" errors="0">
  <testcase name="TC001_Profile_Getquote" time="12.384" classname="lcmobile_regression.Mobile_VDL_Profile_Regression1"/>
</testsuite> <!-- lcmobile_regression.Mobile_VDL_Profile_Regression1 -->
