<?xml version="1.0" encoding="UTF-8"?>
<!-- Generated by org.testng.reporters.JUnitReportReporter -->
<testsuite hostname="AIO-2107" name="lcmobile_regression.Mobile_VDL_Listing" tests="1" failures="0" timestamp="2 Mar 2017 08:43:21 GMT" time="20.673" errors="0">
  <testcase name="TC008_Call_Action" time="20.673" classname="lcmobile_regression.Mobile_VDL_Listing"/>
</testsuite> <!-- lcmobile_regression.Mobile_VDL_Listing -->
