<?xml version="1.0" encoding="UTF-8"?>
<!-- Generated by org.testng.reporters.JUnitReportReporter -->
<testsuite hostname="AIO-2107" name="lcf_Faces.SDLD_Subcategory_Page" tests="1" failures="0" timestamp="2 Mar 2017 10:16:20 GMT" time="62.404" errors="0">
  <testcase name="lcfposting" time="62.404" classname="lcf_Faces.SDLD_Subcategory_Page"/>
</testsuite> <!-- lcf_Faces.SDLD_Subcategory_Page -->
