<?xml version="1.0" encoding="UTF-8"?>
<!-- Generated by org.testng.reporters.JUnitReportReporter -->
<testsuite hostname="AIO-2107" name="lcf_Faces.MDLD_Profile_Free_GetqouteLCF" tests="1" failures="0" timestamp="2 Mar 2017 10:16:20 GMT" time="32.933" errors="0">
  <testcase name="MDLD_Profile_Free_GetqouteLCF" time="32.933" classname="lcf_Faces.MDLD_Profile_Free_GetqouteLCF"/>
</testsuite> <!-- lcf_Faces.MDLD_Profile_Free_GetqouteLCF -->
