<?xml version="1.0" encoding="UTF-8"?>
<!-- Generated by org.testng.reporters.JUnitReportReporter -->
<testsuite hostname="AIO-2107" name="lcf_Faces.MDLD_Sbcategory_with_Locality" tests="1" failures="0" timestamp="20 Feb 2017 04:27:29 GMT" time="48.826" errors="0">
  <testcase name="lcfposting" time="48.826" classname="lcf_Faces.MDLD_Sbcategory_with_Locality"/>
</testsuite> <!-- lcf_Faces.MDLD_Sbcategory_with_Locality -->
