<?xml version="1.0" encoding="UTF-8"?>
<!-- Generated by org.testng.reporters.JUnitReportReporter -->
<testsuite hostname="AIO-2107" name="lcf_Faces.SDLD_SEMpage" tests="1" failures="0" timestamp="2 Mar 2017 10:16:20 GMT" time="40.319" errors="0">
  <testcase name="SDLD_SEMpage" time="40.319" classname="lcf_Faces.SDLD_SEMpage"/>
</testsuite> <!-- lcf_Faces.SDLD_SEMpage -->
