<?xml version="1.0" encoding="UTF-8"?>
<!-- Generated by org.testng.reporters.JUnitReportReporter -->
<testsuite hostname="AIO-2107" name="lcf_Faces.MDLD_Brand_Locality_B2U_U2B" tests="1" failures="0" timestamp="20 Feb 2017 04:27:29 GMT" time="61.489" errors="0">
  <testcase name="lcfposting" time="61.489" classname="lcf_Faces.MDLD_Brand_Locality_B2U_U2B"/>
</testsuite> <!-- lcf_Faces.MDLD_Brand_Locality_B2U_U2B -->
