<?xml version="1.0" encoding="UTF-8"?>
<!-- Generated by org.testng.reporters.JUnitReportReporter -->
<testsuite hostname="AIO-2107" name="lcf_Faces.MDLD_Free_Profile" tests="1" failures="0" timestamp="20 Feb 2017 04:27:29 GMT" time="52.756" errors="0">
  <testcase name="lcfposting" time="52.756" classname="lcf_Faces.MDLD_Free_Profile"/>
</testsuite> <!-- lcf_Faces.MDLD_Free_Profile -->
