<?xml version="1.0" encoding="UTF-8"?>
<!-- Generated by org.testng.reporters.JUnitReportReporter -->
<testsuite hostname="AIO-2107" name="lcf_Faces.SDLD_Attribute_Locality" tests="1" failures="0" timestamp="20 Feb 2017 04:27:29 GMT" time="78.150" errors="0">
  <testcase name="lcfposting" time="78.150" classname="lcf_Faces.SDLD_Attribute_Locality"/>
</testsuite> <!-- lcf_Faces.SDLD_Attribute_Locality -->
