<?xml version="1.0" encoding="UTF-8"?>
<!-- Generated by org.testng.reporters.JUnitReportReporter -->
<testsuite hostname="AIO-2107" name="lcmobile_regression.Mobile_VDL_Profile" tests="3" failures="0" timestamp="1 Mar 2017 13:31:03 GMT" time="42.506" errors="0">
  <testcase name="TC003_VerifySymbol" time="8.277" classname="lcmobile_regression.Mobile_VDL_Profile"/>
  <testcase name="TC001_Profile_Getquote" time="8.681" classname="lcmobile_regression.Mobile_VDL_Profile"/>
  <testcase name="TC002_SaveToPhone" time="25.548" classname="lcmobile_regression.Mobile_VDL_Profile"/>
</testsuite> <!-- lcmobile_regression.Mobile_VDL_Profile -->
