<?xml version="1.0" encoding="UTF-8"?>
<!-- Generated by org.testng.reporters.JUnitReportReporter -->
<testsuite hostname="AIO-2107" name="lcf_Faces.MDLD_Need_Page" tests="1" failures="0" timestamp="2 Mar 2017 10:16:20 GMT" time="30.037" errors="0">
  <testcase name="MDLD_Need_Page" time="30.037" classname="lcf_Faces.MDLD_Need_Page"/>
</testsuite> <!-- lcf_Faces.MDLD_Need_Page -->
