<?xml version="1.0" encoding="UTF-8"?>
<!-- Generated by org.testng.reporters.JUnitReportReporter -->
<testsuite hostname="AIO-2107" name="lcf_Faces.MDLD_Listing_Page_Getquote" tests="1" failures="0" timestamp="2 Mar 2017 10:16:20 GMT" time="54.208" errors="0">
  <testcase name="MDLD_Listing_Page_Getquote" time="54.208" classname="lcf_Faces.MDLD_Listing_Page_Getquote"/>
</testsuite> <!-- lcf_Faces.MDLD_Listing_Page_Getquote -->
