<?xml version="1.0" encoding="UTF-8"?>
<!-- Generated by org.testng.reporters.JUnitReportReporter -->
<testsuite hostname="AIO-2107" name="lcf_Faces.SDLD_U2B_Locality_LCF" tests="1" failures="0" timestamp="20 Feb 2017 04:27:29 GMT" time="51.091" errors="0">
  <testcase name="lcfposting" time="51.091" classname="lcf_Faces.SDLD_U2B_Locality_LCF"/>
</testsuite> <!-- lcf_Faces.SDLD_U2B_Locality_LCF -->
