<?xml version="1.0" encoding="UTF-8"?>
<!-- Generated by org.testng.reporters.JUnitReportReporter -->
<testsuite hostname="AIO-2107" name="lcf_Faces.SDLD_Free_Profile_LCF" tests="1" failures="0" timestamp="2 Mar 2017 10:16:20 GMT" time="28.562" errors="0">
  <testcase name="SDLD_Free_Profile_LCF" time="28.562" classname="lcf_Faces.SDLD_Free_Profile_LCF"/>
</testsuite> <!-- lcf_Faces.SDLD_Free_Profile_LCF -->
